Arguments: 
  /usr/local/bin/node /usr/local/bin/yarn add jsPDF

PATH: 
  /usr/local/google-cloud-sdk/bin:/opt/local/bin:/opt/local/sbin:/usr/local/bin:/usr/bin:/bin:/usr/sbin:/sbin:/usr/local/go/bin:/Users/dhc4z/development/flutter/bin

Yarn version: 
  1.12.3

Node version: 
  10.15.3

Platform: 
  darwin x64

Trace: 
  Error: https://registry.yarnpkg.com/@uvalib%2fuvalib-fill-hold-barcode-reader: Not found
      at Request.params.callback [as _callback] (/usr/local/lib/node_modules/yarn/lib/cli.js:65894:18)
      at Request.self.callback (/usr/local/lib/node_modules/yarn/lib/cli.js:129018:22)
      at Request.emit (events.js:189:13)
      at Request.<anonymous> (/usr/local/lib/node_modules/yarn/lib/cli.js:129990:10)
      at Request.emit (events.js:189:13)
      at IncomingMessage.<anonymous> (/usr/local/lib/node_modules/yarn/lib/cli.js:129912:12)
      at Object.onceWrapper (events.js:277:13)
      at IncomingMessage.emit (events.js:194:15)
      at endReadableNT (_stream_readable.js:1125:12)
      at process._tickCallback (internal/process/next_tick.js:63:19)

npm manifest: 
  {
    "name": "@uvalib/uvalib-fill-hold",
    "version": "0.0.1",
    "description": "A distinct application for library staff to scan barcodes and results in a printed slip with checkout information.",
    "main": "uvalib-fill-hold.js",
    "dependencies": {
      "@uvalib/uvalib-fill-hold-barcode-reader": "^0.0.1",
      "lit-element": "^2.3.1"
    },
    "devDependencies": {
      "@polymer/iron-demo-helpers": "^3.1.0",
      "@polymer/test-fixture": "^4.0.2",
      "@webcomponents/webcomponentsjs": "^2.0.0",
      "chai": "^4.2.0",
      "mocha": "^6.1.4",
      "wct-mocha": "^1.0.1"
    }
  }

yarn manifest: 
  No manifest

Lockfile: 
  No lockfile
